{"timestamp":"2023-09-03 09:20:15","level":"\u001b[31merror\u001b[39m","message":{"length":138,"name":"error","severity":"ERROR","code":"42703","position":"27","file":"analyze.c","line":"2471","routine":"transformUpdateTargetList"},"uuid":"145e8ab8-9903-4498-987b-57569a5ed7b1"}
{"timestamp":"2023-09-03 09:36:23","level":"\u001b[31merror\u001b[39m","message":{},"uuid":"d8afb5c0-e4b7-4c0d-97cb-46fc8f421759"}
{"timestamp":"2023-09-03 09:36:23","level":"\u001b[31merror\u001b[39m","message":{},"uuid":"2e36de79-7be9-42c7-8a55-d91d14d7e13b"}
{"timestamp":"2023-09-03 09:54:07","level":"\u001b[31merror\u001b[39m","message":{"length":239,"name":"error","severity":"ERROR","code":"23505","detail":"Ya existe la llave (email)=(ngfgfgdaniel3wssssssssssswwwwww51@gmail.com).","schema":"invensys","table":"users","constraint":"users_email_key","file":"nbtinsert.c","line":"671","routine":"_bt_check_unique"},"uuid":"a7ae3c15-7010-4685-a367-d56bb902b001"}
{"timestamp":"2023-09-03 10:01:40","level":"\u001b[31merror\u001b[39m","message":{"length":100,"name":"error","severity":"ERROR","code":"42601","position":"38","file":"scan.l","line":"1192","routine":"scanner_yyerror"},"uuid":"481f7a4a-b555-4e6d-8bc7-7587b23e254d"}
{"timestamp":"2023-09-03 10:02:33","level":"\u001b[31merror\u001b[39m","message":{"length":100,"name":"error","severity":"ERROR","code":"42601","position":"38","file":"scan.l","line":"1192","routine":"scanner_yyerror"},"uuid":"ef4dbd2a-fe99-4e3f-a9ea-03e09b5cac3b"}
{"timestamp":"2023-09-03 10:03:10","level":"\u001b[31merror\u001b[39m","message":{"length":115,"name":"error","severity":"ERROR","code":"22001","file":"varchar.c","line":"635","routine":"varchar"},"uuid":"cd711455-b4c4-4c7d-a77b-79103852b0f2"}
{"timestamp":"2023-09-03 10:04:17","level":"\u001b[31merror\u001b[39m","message":{"length":100,"name":"error","severity":"ERROR","code":"42601","position":"38","file":"scan.l","line":"1192","routine":"scanner_yyerror"},"uuid":"22d72423-569b-4ccf-94c1-0053be24cd3b"}
{"timestamp":"2023-09-03 10:05:12","level":"\u001b[31merror\u001b[39m","message":{"length":100,"name":"error","severity":"ERROR","code":"42601","position":"38","file":"scan.l","line":"1192","routine":"scanner_yyerror"},"uuid":"5d3ca4a6-36ca-44d6-b653-632ebe411257"}
{"timestamp":"2023-09-03 10:05:43","level":"\u001b[31merror\u001b[39m","message":{"length":100,"name":"error","severity":"ERROR","code":"42601","position":"38","file":"scan.l","line":"1192","routine":"scanner_yyerror"},"uuid":"c3acf543-7b4c-416b-9989-cdccadd97ad5"}
{"timestamp":"2023-09-03 10:05:43","level":"\u001b[31merror\u001b[39m","message":{"length":100,"name":"error","severity":"ERROR","code":"42601","position":"38","file":"scan.l","line":"1192","routine":"scanner_yyerror"},"uuid":"8638d2a2-a45d-4055-b884-646594685414"}
{"timestamp":"2023-09-03 10:07:16","level":"\u001b[31merror\u001b[39m","message":{"length":100,"name":"error","severity":"ERROR","code":"42601","position":"38","file":"scan.l","line":"1192","routine":"scanner_yyerror"},"uuid":"95120336-8256-4b30-a3b1-4e23a3192b51"}
{"timestamp":"2023-09-03 10:07:16","level":"\u001b[31merror\u001b[39m","message":{"length":100,"name":"error","severity":"ERROR","code":"42601","position":"38","file":"scan.l","line":"1192","routine":"scanner_yyerror"},"uuid":"1da265eb-c3f7-4477-8086-981763308aec"}
{"timestamp":"2023-09-03 10:07:47","level":"\u001b[31merror\u001b[39m","message":{"length":227,"name":"error","severity":"ERROR","code":"23505","detail":"Ya existe la llave (email)=(ospinaortwwwwl3hhhh51@gmail.com).","schema":"invensys","table":"users","constraint":"users_email_key","file":"nbtinsert.c","line":"671","routine":"_bt_check_unique"},"uuid":"9ca2764d-c0d8-49af-91cb-caf2d426a81f"}
{"timestamp":"2023-09-03 10:08:10","level":"\u001b[31merror\u001b[39m","message":{"length":100,"name":"error","severity":"ERROR","code":"42601","position":"38","file":"scan.l","line":"1192","routine":"scanner_yyerror"},"uuid":"4416204d-501b-4a34-afbb-2a23ed022ad3"}
{"timestamp":"2023-09-03 10:08:10","level":"\u001b[31merror\u001b[39m","message":{"length":100,"name":"error","severity":"ERROR","code":"42601","position":"38","file":"scan.l","line":"1192","routine":"scanner_yyerror"},"uuid":"8b6c901e-6170-4e88-bf4d-fe58c53e7b5e"}
{"timestamp":"2023-09-03 10:09:25","level":"\u001b[31merror\u001b[39m","message":{"length":100,"name":"error","severity":"ERROR","code":"42601","position":"38","file":"scan.l","line":"1192","routine":"scanner_yyerror"},"uuid":"ee9e8981-f6e1-4006-9704-b2c1cab4f26c"}
{"timestamp":"2023-09-03 10:09:25","level":"\u001b[31merror\u001b[39m","message":{"length":100,"name":"error","severity":"ERROR","code":"42601","position":"38","file":"scan.l","line":"1192","routine":"scanner_yyerror"},"uuid":"48cd2473-7f6e-4f7a-8d60-8f84a9adae6d"}
{"timestamp":"2023-09-03 10:11:35","level":"\u001b[31merror\u001b[39m","message":{"length":100,"name":"error","severity":"ERROR","code":"42601","position":"38","file":"scan.l","line":"1192","routine":"scanner_yyerror"},"uuid":"81d6557a-a6c3-487f-9d31-e602d6a4435a"}
{"timestamp":"2023-09-03 10:11:35","level":"\u001b[31merror\u001b[39m","message":{"length":100,"name":"error","severity":"ERROR","code":"42601","position":"38","file":"scan.l","line":"1192","routine":"scanner_yyerror"},"uuid":"3874f6eb-b0f0-4252-a9c1-73c41c40d863"}
{"timestamp":"2023-09-03 10:14:25","level":"\u001b[31merror\u001b[39m","message":{"length":100,"name":"error","severity":"ERROR","code":"42601","position":"38","file":"scan.l","line":"1192","routine":"scanner_yyerror"},"uuid":"bbee860f-ad20-4dbb-b851-6fd23a124cf9"}
{"timestamp":"2023-09-03 10:14:25","level":"\u001b[31merror\u001b[39m","message":{"length":100,"name":"error","severity":"ERROR","code":"42601","position":"38","file":"scan.l","line":"1192","routine":"scanner_yyerror"},"uuid":"a29e4dd4-c7eb-4220-898c-e66df59dbe31"}
{"timestamp":"2023-09-03 10:16:02","level":"\u001b[31merror\u001b[39m","message":{"length":100,"name":"error","severity":"ERROR","code":"42601","position":"40","file":"scan.l","line":"1192","routine":"scanner_yyerror"},"uuid":"e50437ae-e2fe-4882-a1cb-cc53702f104b"}
{"timestamp":"2023-09-03 10:16:02","level":"\u001b[31merror\u001b[39m","message":{"length":100,"name":"error","severity":"ERROR","code":"42601","position":"40","file":"scan.l","line":"1192","routine":"scanner_yyerror"},"uuid":"06b0c1a5-80e7-4219-aa7a-d8700cdae9e3"}
{"timestamp":"2023-09-03 10:16:43","level":"\u001b[31merror\u001b[39m","message":{"length":115,"name":"error","severity":"ERROR","code":"22001","file":"varchar.c","line":"635","routine":"varchar"},"uuid":"2a1678bb-a4dd-4c04-b163-541a20b7cbca"}
{"timestamp":"2023-09-03 10:17:46","level":"\u001b[31merror\u001b[39m","message":{"length":100,"name":"error","severity":"ERROR","code":"42601","position":"40","file":"scan.l","line":"1192","routine":"scanner_yyerror"},"uuid":"d374f009-19e4-4490-8916-7cc9caa76c59"}
{"timestamp":"2023-09-03 10:17:46","level":"\u001b[31merror\u001b[39m","message":{"length":100,"name":"error","severity":"ERROR","code":"42601","position":"40","file":"scan.l","line":"1192","routine":"scanner_yyerror"},"uuid":"236c9d32-3f60-4a89-ac64-7fcca5877cdf"}
{"timestamp":"2023-09-03 10:20:30","level":"\u001b[31merror\u001b[39m","message":{"length":100,"name":"error","severity":"ERROR","code":"42601","position":"40","file":"scan.l","line":"1192","routine":"scanner_yyerror"},"uuid":"74aedd21-e271-4fec-bfd9-a76af0d6e6f4"}
{"timestamp":"2023-09-03 10:20:30","level":"\u001b[31merror\u001b[39m","message":{"length":100,"name":"error","severity":"ERROR","code":"42601","position":"40","file":"scan.l","line":"1192","routine":"scanner_yyerror"},"uuid":"28d8a690-2cee-4896-893f-81838792a36c"}
{"timestamp":"2023-09-03 10:21:56","level":"\u001b[31merror\u001b[39m","message":{"length":100,"name":"error","severity":"ERROR","code":"42601","position":"38","file":"scan.l","line":"1192","routine":"scanner_yyerror"},"uuid":"2c03def3-a818-4ac8-a9bf-5c2a9a01ea36"}
{"timestamp":"2023-09-03 10:21:57","level":"\u001b[31merror\u001b[39m","message":{"length":100,"name":"error","severity":"ERROR","code":"42601","position":"38","file":"scan.l","line":"1192","routine":"scanner_yyerror"},"uuid":"ceb8b6c8-40e9-4fec-9f4c-ae57acd2fa40"}
{"timestamp":"2023-09-03 10:22:58","level":"\u001b[31merror\u001b[39m","message":{"length":100,"name":"error","severity":"ERROR","code":"42601","position":"38","file":"scan.l","line":"1192","routine":"scanner_yyerror"},"uuid":"deeb9237-f58a-422a-882f-74200f700644"}
{"timestamp":"2023-09-03 10:22:58","level":"\u001b[31merror\u001b[39m","message":{"length":100,"name":"error","severity":"ERROR","code":"42601","position":"38","file":"scan.l","line":"1192","routine":"scanner_yyerror"},"uuid":"7dbb33eb-4fad-4326-a634-bd03d42645fc"}
{"timestamp":"2023-09-03 10:24:41","level":"\u001b[31merror\u001b[39m","message":{"length":100,"name":"error","severity":"ERROR","code":"42601","position":"38","file":"scan.l","line":"1192","routine":"scanner_yyerror"},"uuid":"e051cd00-efb5-4aed-bb3c-6cc181da9e54"}
{"timestamp":"2023-09-03 10:24:41","level":"\u001b[31merror\u001b[39m","message":{"length":100,"name":"error","severity":"ERROR","code":"42601","position":"38","file":"scan.l","line":"1192","routine":"scanner_yyerror"},"uuid":"42bfe8f7-d2c7-4ef0-84bd-3f4f4b984d84"}
{"timestamp":"2023-09-03 10:26:09","level":"\u001b[31merror\u001b[39m","message":{"length":303,"name":"error","severity":"ERROR","code":"23502","detail":"La fila que falla contiene (HOLA, null, null, null, null, null, bdcd5efa-91ab-4817-959c-a24e4118bf3f, null, null).","schema":"invensys","table":"users","column":"idadmin","file":"execmain.c","line":"1974","routine":"ExecConstraints"},"uuid":"61931db4-6a5d-4fda-a4e4-6efce8a2f03b"}
{"timestamp":"2023-09-03 10:26:09","level":"\u001b[31merror\u001b[39m","message":{"length":303,"name":"error","severity":"ERROR","code":"23502","detail":"La fila que falla contiene (HOLA, null, null, null, null, null, 7ad49958-8481-4c82-bb18-1207c2372543, null, null).","schema":"invensys","table":"users","column":"idadmin","file":"execmain.c","line":"1974","routine":"ExecConstraints"},"uuid":"c824f050-1e8e-4732-b231-80d3d2962e81"}
{"timestamp":"2023-09-03 10:26:42","level":"\u001b[31merror\u001b[39m","message":{"length":117,"name":"error","severity":"ERROR","code":"42P01","position":"13","file":"parse_relation.c","line":"1374","routine":"parserOpenTable"},"uuid":"0ed0239f-eb94-47d9-b106-63aabcb84fa2"}
{"timestamp":"2023-09-03 10:26:42","level":"\u001b[31merror\u001b[39m","message":{"length":117,"name":"error","severity":"ERROR","code":"42P01","position":"13","file":"parse_relation.c","line":"1374","routine":"parserOpenTable"},"uuid":"724e03c3-569a-447f-9d5c-af2918a5bcf2"}
{"timestamp":"2023-09-03 10:27:07","level":"\u001b[31merror\u001b[39m","message":{"length":134,"name":"error","severity":"ERROR","code":"42703","position":"33","file":"parse_target.c","line":"1066","routine":"checkInsertTargets"},"uuid":"ce68d54b-76e8-4126-bfaf-11be321e61b9"}
{"timestamp":"2023-09-03 10:27:07","level":"\u001b[31merror\u001b[39m","message":{"length":134,"name":"error","severity":"ERROR","code":"42703","position":"33","file":"parse_target.c","line":"1066","routine":"checkInsertTargets"},"uuid":"4624bddf-d58e-4ef6-a22e-a43fd91176a6"}
{"timestamp":"2023-09-03 10:28:25","level":"\u001b[31merror\u001b[39m","message":{"length":134,"name":"error","severity":"ERROR","code":"42703","position":"33","file":"parse_target.c","line":"1066","routine":"checkInsertTargets"},"uuid":"bb4632ee-13b6-4c88-b464-2df103fd1b6e"}
{"timestamp":"2023-09-03 10:28:25","level":"\u001b[31merror\u001b[39m","message":{"length":134,"name":"error","severity":"ERROR","code":"42703","position":"33","file":"parse_target.c","line":"1066","routine":"checkInsertTargets"},"uuid":"a4e68476-c68e-4fce-b8a0-95259373d71d"}
{"timestamp":"2023-09-03 10:30:40","level":"\u001b[31merror\u001b[39m","message":{"length":117,"name":"error","severity":"ERROR","code":"42P01","position":"13","file":"parse_relation.c","line":"1374","routine":"parserOpenTable"},"uuid":"8f497a81-a9e4-4d03-ba9f-da57f72749a6"}
{"timestamp":"2023-09-03 10:30:40","level":"\u001b[31merror\u001b[39m","message":{"length":117,"name":"error","severity":"ERROR","code":"42P01","position":"13","file":"parse_relation.c","line":"1374","routine":"parserOpenTable"},"uuid":"dc3e2490-ac28-4f72-b12b-e3369cc07641"}
{"timestamp":"2023-09-03 10:31:22","level":"\u001b[31merror\u001b[39m","message":{"length":134,"name":"error","severity":"ERROR","code":"42703","position":"33","file":"parse_target.c","line":"1066","routine":"checkInsertTargets"},"uuid":"49826123-8dfa-4f25-b6c2-bd3a9f4af32d"}
{"timestamp":"2023-09-03 10:31:22","level":"\u001b[31merror\u001b[39m","message":{"length":134,"name":"error","severity":"ERROR","code":"42703","position":"33","file":"parse_target.c","line":"1066","routine":"checkInsertTargets"},"uuid":"1c4b2726-5e17-4770-a992-e898c668fc3d"}
{"timestamp":"2023-09-03 10:32:17","level":"\u001b[31merror\u001b[39m","message":{"length":100,"name":"error","severity":"ERROR","code":"42601","position":"38","file":"scan.l","line":"1192","routine":"scanner_yyerror"},"uuid":"c25b95db-5860-4a11-8862-d8caa5d15202"}
{"timestamp":"2023-09-03 10:32:17","level":"\u001b[31merror\u001b[39m","message":{"length":100,"name":"error","severity":"ERROR","code":"42601","position":"38","file":"scan.l","line":"1192","routine":"scanner_yyerror"},"uuid":"19c07248-2208-41da-ad1d-bec1150678c9"}
{"timestamp":"2023-09-03 10:33:05","level":"\u001b[31merror\u001b[39m","message":{"length":166,"name":"error","severity":"ERROR","code":"42703","position":"33","file":"parse_target.c","line":"1066","routine":"checkInsertTargets"},"uuid":"b445e3b7-2632-4062-b356-aae20638f8f1"}
{"timestamp":"2023-09-03 10:33:05","level":"\u001b[31merror\u001b[39m","message":{"length":166,"name":"error","severity":"ERROR","code":"42703","position":"33","file":"parse_target.c","line":"1066","routine":"checkInsertTargets"},"uuid":"df8d51ad-e7e2-4c08-8292-f16fd6fd2b65"}
{"timestamp":"2023-09-03 11:50:58","level":"\u001b[31merror\u001b[39m","message":{"length":100,"name":"error","severity":"ERROR","code":"42601","position":"38","file":"scan.l","line":"1192","routine":"scanner_yyerror"},"uuid":"832173d1-1a85-4fdd-9648-6cb7464cc7ec"}
{"timestamp":"2023-09-03 11:50:58","level":"\u001b[31merror\u001b[39m","message":{"length":100,"name":"error","severity":"ERROR","code":"42601","position":"38","file":"scan.l","line":"1192","routine":"scanner_yyerror"},"uuid":"a78eab2a-d2e6-4d45-9c41-b21ccb8c7302"}
{"timestamp":"2023-09-03 11:54:20","level":"\u001b[31merror\u001b[39m","message":{"length":100,"name":"error","severity":"ERROR","code":"42601","position":"38","file":"scan.l","line":"1192","routine":"scanner_yyerror"},"uuid":"6e9c9383-a54a-4eb4-9060-c89a5c684474"}
{"timestamp":"2023-09-03 11:54:20","level":"\u001b[31merror\u001b[39m","message":{"length":100,"name":"error","severity":"ERROR","code":"42601","position":"38","file":"scan.l","line":"1192","routine":"scanner_yyerror"},"uuid":"1786403d-7283-4d41-8d78-ca93bc133709"}
{"timestamp":"2023-09-03 11:55:26","level":"\u001b[31merror\u001b[39m","message":{"length":100,"name":"error","severity":"ERROR","code":"42601","position":"38","file":"scan.l","line":"1192","routine":"scanner_yyerror"},"uuid":"6803efc8-340e-4bdb-8661-3d01f9ac58af"}
{"timestamp":"2023-09-03 11:55:26","level":"\u001b[31merror\u001b[39m","message":{"length":100,"name":"error","severity":"ERROR","code":"42601","position":"38","file":"scan.l","line":"1192","routine":"scanner_yyerror"},"uuid":"33258e6a-eb27-4b33-8695-d1868f9749a4"}
{"timestamp":"2023-09-03 11:55:51","level":"\u001b[31merror\u001b[39m","message":{"length":100,"name":"error","severity":"ERROR","code":"42601","position":"38","file":"scan.l","line":"1192","routine":"scanner_yyerror"},"uuid":"8838b362-9936-408f-b6e1-a273629a1bb2"}
{"timestamp":"2023-09-03 11:55:51","level":"\u001b[31merror\u001b[39m","message":{"length":100,"name":"error","severity":"ERROR","code":"42601","position":"38","file":"scan.l","line":"1192","routine":"scanner_yyerror"},"uuid":"829babf0-b012-424f-9162-f9f02e84d305"}
{"timestamp":"2023-09-03 11:57:06","level":"\u001b[31merror\u001b[39m","message":{"length":100,"name":"error","severity":"ERROR","code":"42601","position":"38","file":"scan.l","line":"1192","routine":"scanner_yyerror"},"uuid":"2611ef6b-f154-41ea-879f-d47919c2e456"}
{"timestamp":"2023-09-03 11:57:06","level":"\u001b[31merror\u001b[39m","message":{"length":100,"name":"error","severity":"ERROR","code":"42601","position":"38","file":"scan.l","line":"1192","routine":"scanner_yyerror"},"uuid":"db9874cb-8bf1-4497-8add-e9dd0148614c"}
{"timestamp":"2023-09-03 11:57:36","level":"\u001b[31merror\u001b[39m","message":{"length":100,"name":"error","severity":"ERROR","code":"42601","position":"38","file":"scan.l","line":"1192","routine":"scanner_yyerror"},"uuid":"60d2c306-dc66-4e52-a5bb-66e0a0ffadf8"}
{"timestamp":"2023-09-03 11:57:36","level":"\u001b[31merror\u001b[39m","message":{"length":100,"name":"error","severity":"ERROR","code":"42601","position":"38","file":"scan.l","line":"1192","routine":"scanner_yyerror"},"uuid":"a3618277-6ff1-4a7f-9e83-3aba00d3ae87"}
{"timestamp":"2023-09-03 11:59:08","level":"\u001b[31merror\u001b[39m","message":{"length":100,"name":"error","severity":"ERROR","code":"42601","position":"38","file":"scan.l","line":"1192","routine":"scanner_yyerror"},"uuid":"b89c6000-75d8-4d22-bf67-fbb28a950d23"}
{"timestamp":"2023-09-03 11:59:08","level":"\u001b[31merror\u001b[39m","message":{"length":100,"name":"error","severity":"ERROR","code":"42601","position":"38","file":"scan.l","line":"1192","routine":"scanner_yyerror"},"uuid":"16f6172c-ecbb-4303-8777-49ffe4ab1475"}
{"timestamp":"2023-09-03 12:00:43","level":"\u001b[31merror\u001b[39m","message":{"length":100,"name":"error","severity":"ERROR","code":"42601","position":"38","file":"scan.l","line":"1192","routine":"scanner_yyerror"},"uuid":"12671d79-553e-46d0-b9e0-7615a265d266"}
{"timestamp":"2023-09-03 12:00:43","level":"\u001b[31merror\u001b[39m","message":{"length":100,"name":"error","severity":"ERROR","code":"42601","position":"38","file":"scan.l","line":"1192","routine":"scanner_yyerror"},"uuid":"d7e9a2b5-1954-499d-a836-29ed58eb08dd"}
{"timestamp":"2023-09-03 12:03:51","level":"\u001b[31merror\u001b[39m","message":{"length":104,"name":"error","severity":"ERROR","code":"42601","position":"37","file":"scan.l","line":"1192","routine":"scanner_yyerror"},"uuid":"3924e8b6-ee11-42f7-8c54-fa4c6d385965"}
{"timestamp":"2023-09-03 12:03:51","level":"\u001b[31merror\u001b[39m","message":{"length":104,"name":"error","severity":"ERROR","code":"42601","position":"38","file":"scan.l","line":"1192","routine":"scanner_yyerror"},"uuid":"fc27ae96-daa1-4f3b-831e-85fad8bb8e5c"}
{"timestamp":"2023-09-03 12:05:06","level":"\u001b[31merror\u001b[39m","message":{"length":104,"name":"error","severity":"ERROR","code":"42601","position":"36","file":"scan.l","line":"1192","routine":"scanner_yyerror"},"uuid":"671d69f8-9768-427d-9335-d31f8db9e17a"}
{"timestamp":"2023-09-03 12:05:06","level":"\u001b[31merror\u001b[39m","message":{"length":104,"name":"error","severity":"ERROR","code":"42601","position":"37","file":"scan.l","line":"1192","routine":"scanner_yyerror"},"uuid":"a794453e-92b8-4a9f-adbf-fa5745df2319"}
{"timestamp":"2023-09-03 12:06:00","level":"\u001b[31merror\u001b[39m","message":{"length":104,"name":"error","severity":"ERROR","code":"42601","position":"40","file":"scan.l","line":"1192","routine":"scanner_yyerror"},"uuid":"c3ea1881-94f8-4ef4-a146-15f57ca344cd"}
{"timestamp":"2023-09-03 12:06:00","level":"\u001b[31merror\u001b[39m","message":{"length":104,"name":"error","severity":"ERROR","code":"42601","position":"40","file":"scan.l","line":"1192","routine":"scanner_yyerror"},"uuid":"4196229c-6e60-4ca9-a215-93b99d590508"}
{"timestamp":"2023-09-03 12:06:43","level":"\u001b[31merror\u001b[39m","message":{"length":104,"name":"error","severity":"ERROR","code":"42601","position":"40","file":"scan.l","line":"1192","routine":"scanner_yyerror"},"uuid":"958bf3f4-a631-4121-8348-5e5f9bd67383"}
{"timestamp":"2023-09-03 12:06:44","level":"\u001b[31merror\u001b[39m","message":{"length":104,"name":"error","severity":"ERROR","code":"42601","position":"40","file":"scan.l","line":"1192","routine":"scanner_yyerror"},"uuid":"000081a2-f4e1-4262-93cc-30d70f78ac10"}
{"timestamp":"2023-09-03 12:08:36","level":"\u001b[31merror\u001b[39m","message":{"length":104,"name":"error","severity":"ERROR","code":"42601","position":"40","file":"scan.l","line":"1192","routine":"scanner_yyerror"},"uuid":"2ca5f175-81df-4acc-af0d-d435020b5ad6"}
{"timestamp":"2023-09-03 12:08:36","level":"\u001b[31merror\u001b[39m","message":{"length":104,"name":"error","severity":"ERROR","code":"42601","position":"40","file":"scan.l","line":"1192","routine":"scanner_yyerror"},"uuid":"d5647966-60e9-4952-9a27-c19d8deab2e8"}
{"timestamp":"2023-09-03 12:09:11","level":"\u001b[31merror\u001b[39m","message":{"length":226,"name":"error","severity":"ERROR","code":"23505","detail":"Ya existe la llave (email)=(ooossGGaaGsodWWel351@gmail.com).","schema":"invensys","table":"users","constraint":"users_email_key","file":"nbtinsert.c","line":"671","routine":"_bt_check_unique"},"uuid":"a5ba37cc-bf64-48e9-bd10-361baaabce95"}
{"timestamp":"2023-09-03 12:09:34","level":"\u001b[31merror\u001b[39m","message":{"length":104,"name":"error","severity":"ERROR","code":"42601","position":"40","file":"scan.l","line":"1192","routine":"scanner_yyerror"},"uuid":"53f4ad36-3120-4e18-b215-16aef97b4b8e"}
{"timestamp":"2023-09-03 12:09:34","level":"\u001b[31merror\u001b[39m","message":{"length":104,"name":"error","severity":"ERROR","code":"42601","position":"40","file":"scan.l","line":"1192","routine":"scanner_yyerror"},"uuid":"1f82ce70-f320-4bc1-b7a9-2529c1626393"}
{"timestamp":"2023-09-03 12:10:27","level":"\u001b[31merror\u001b[39m","message":{"length":104,"name":"error","severity":"ERROR","code":"42601","position":"40","file":"scan.l","line":"1192","routine":"scanner_yyerror"},"uuid":"e5e9217d-7d8e-49a3-b477-c2a0fb4cbba7"}
{"timestamp":"2023-09-03 12:10:27","level":"\u001b[31merror\u001b[39m","message":{"length":104,"name":"error","severity":"ERROR","code":"42601","position":"40","file":"scan.l","line":"1192","routine":"scanner_yyerror"},"uuid":"9f153c28-054c-41b9-ba8b-aa1ce489661b"}
{"timestamp":"2023-09-03 12:11:00","level":"\u001b[31merror\u001b[39m","message":{"length":104,"name":"error","severity":"ERROR","code":"42601","position":"40","file":"scan.l","line":"1192","routine":"scanner_yyerror"},"uuid":"038c9468-bf5e-4275-854d-d28c56be6a92"}
{"timestamp":"2023-09-03 12:11:00","level":"\u001b[31merror\u001b[39m","message":{"length":104,"name":"error","severity":"ERROR","code":"42601","position":"40","file":"scan.l","line":"1192","routine":"scanner_yyerror"},"uuid":"27564bc1-5698-4723-bbc6-74b2191a0471"}
{"timestamp":"2023-09-03 12:11:58","level":"\u001b[31merror\u001b[39m","message":{"length":104,"name":"error","severity":"ERROR","code":"42601","position":"40","file":"scan.l","line":"1192","routine":"scanner_yyerror"},"uuid":"818461e5-780b-4b2e-9951-c8118eb3b401"}
{"timestamp":"2023-09-03 12:11:58","level":"\u001b[31merror\u001b[39m","message":{"length":104,"name":"error","severity":"ERROR","code":"42601","position":"40","file":"scan.l","line":"1192","routine":"scanner_yyerror"},"uuid":"b83e33ff-1c6f-4e2a-bf27-445d557326c7"}
{"timestamp":"2023-09-03 12:13:02","level":"\u001b[31merror\u001b[39m","message":{"length":121,"name":"error","severity":"ERROR","code":"42601","position":"94","file":"analyze.c","line":"984","routine":"transformInsertRow"},"uuid":"3410b844-1c7f-4f90-9abe-7145ecfed59e"}
{"timestamp":"2023-09-03 12:13:02","level":"\u001b[31merror\u001b[39m","message":{"length":121,"name":"error","severity":"ERROR","code":"42601","position":"94","file":"analyze.c","line":"984","routine":"transformInsertRow"},"uuid":"0f33576c-e0c1-446a-aa6d-e1077da0ada1"}
{"timestamp":"2023-09-03 12:13:31","level":"\u001b[31merror\u001b[39m","message":{"length":307,"name":"error","severity":"ERROR","code":"23502","detail":"La fila que falla contiene (0e686bec-a97c-49c1-951c-517b3ceb995f, null, gfg, 2023-09-03 12:13:31.733, POST, POST).","schema":"invensys","table":"processes","column":"table","file":"execmain.c","line":"1974","routine":"ExecConstraints"},"uuid":"71d39fa5-074a-4387-80d2-9c841c568ffb"}
{"timestamp":"2023-09-03 12:13:31","level":"\u001b[31merror\u001b[39m","message":{"length":307,"name":"error","severity":"ERROR","code":"23502","detail":"La fila que falla contiene (25b92ba4-01f1-43f0-adf4-162dc1b5f851, null, gfg, 2023-09-03 12:13:31.775, POST, POST).","schema":"invensys","table":"processes","column":"table","file":"execmain.c","line":"1974","routine":"ExecConstraints"},"uuid":"22ea1b10-6494-4efb-8069-cab2187f3e7b"}
{"timestamp":"2023-09-03 12:14:03","level":"\u001b[31merror\u001b[39m","message":{"length":121,"name":"error","severity":"ERROR","code":"42601","position":"94","file":"analyze.c","line":"984","routine":"transformInsertRow"},"uuid":"cbbb9e86-54c4-427e-8202-17b59947d761"}
{"timestamp":"2023-09-03 12:14:03","level":"\u001b[31merror\u001b[39m","message":{"length":121,"name":"error","severity":"ERROR","code":"42601","position":"94","file":"analyze.c","line":"984","routine":"transformInsertRow"},"uuid":"cca750fe-94c5-4aec-8d2b-8c4d1a4f7295"}
{"timestamp":"2023-09-03 12:14:23","level":"\u001b[31merror\u001b[39m","message":{"length":104,"name":"error","severity":"ERROR","code":"42601","position":"40","file":"scan.l","line":"1192","routine":"scanner_yyerror"},"uuid":"11b6afb4-7954-4b87-8d7e-f70bbdb6dbf9"}
{"timestamp":"2023-09-03 12:14:23","level":"\u001b[31merror\u001b[39m","message":{"length":104,"name":"error","severity":"ERROR","code":"42601","position":"40","file":"scan.l","line":"1192","routine":"scanner_yyerror"},"uuid":"3f3aa256-a9a0-42c1-a97f-fce28d8535c1"}
{"timestamp":"2023-09-03 12:16:28","level":"\u001b[31merror\u001b[39m","message":{"length":104,"name":"error","severity":"ERROR","code":"42601","position":"40","file":"scan.l","line":"1192","routine":"scanner_yyerror"},"uuid":"c50e456b-31d6-4b6c-a266-e18debcc5fb1"}
{"timestamp":"2023-09-03 12:16:28","level":"\u001b[31merror\u001b[39m","message":{"length":104,"name":"error","severity":"ERROR","code":"42601","position":"40","file":"scan.l","line":"1192","routine":"scanner_yyerror"},"uuid":"21fa3132-6379-41a4-80da-f88ef1028f9f"}
{"timestamp":"2023-09-03 12:17:24","level":"\u001b[31merror\u001b[39m","message":{"length":135,"name":"error","severity":"ERROR","code":"42703","position":"40","file":"parse_target.c","line":"1066","routine":"checkInsertTargets"},"uuid":"9eba4cbc-cd14-46b9-bb82-b9709385c413"}
{"timestamp":"2023-09-03 12:17:24","level":"\u001b[31merror\u001b[39m","message":{"length":135,"name":"error","severity":"ERROR","code":"42703","position":"40","file":"parse_target.c","line":"1066","routine":"checkInsertTargets"},"uuid":"d520442a-7a5e-4d08-bea0-8ff247255843"}
{"timestamp":"2023-09-03 12:30:14","level":"\u001b[31merror\u001b[39m","message":{"length":152,"name":"error","severity":"ERROR","code":"22P02","where":"portal sin nombre, parámetro 1 = ''","file":"uuid.c","line":"136","routine":"string_to_uuid"},"uuid":"f13618e8-5ad6-45e7-9923-bff48372198c"}
{"timestamp":"2023-09-03 12:30:17","level":"\u001b[31merror\u001b[39m","message":{"length":152,"name":"error","severity":"ERROR","code":"22P02","where":"portal sin nombre, parámetro 1 = ''","file":"uuid.c","line":"136","routine":"string_to_uuid"},"uuid":"cd956a28-4613-4ac5-812e-ef11289a951f"}
{"timestamp":"2023-09-03 12:30:19","level":"\u001b[31merror\u001b[39m","message":{"length":152,"name":"error","severity":"ERROR","code":"22P02","where":"portal sin nombre, parámetro 1 = ''","file":"uuid.c","line":"136","routine":"string_to_uuid"},"uuid":"9c14f210-ecaa-4321-9d99-3efdc4928af9"}
{"timestamp":"2023-09-03 12:30:21","level":"\u001b[31merror\u001b[39m","message":{"length":152,"name":"error","severity":"ERROR","code":"22P02","where":"portal sin nombre, parámetro 1 = ''","file":"uuid.c","line":"136","routine":"string_to_uuid"},"uuid":"b1f10d33-f009-42bb-8bd3-01b56324ce8c"}
{"timestamp":"2023-09-03 12:30:24","level":"\u001b[31merror\u001b[39m","message":{"length":152,"name":"error","severity":"ERROR","code":"22P02","where":"portal sin nombre, parámetro 1 = ''","file":"uuid.c","line":"136","routine":"string_to_uuid"},"uuid":"a6a1f082-ff54-40be-9edd-cf560022c21a"}
{"timestamp":"2023-09-03 13:32:27","level":"\u001b[31merror\u001b[39m","message":{},"uuid":"1fb6f98c-a1e6-40fe-b9d9-fbe5bd5b7595"}
{"timestamp":"2023-09-03 13:34:53","level":"\u001b[31merror\u001b[39m","message":{},"uuid":"072663fc-ef8e-4fa7-b772-7fb72361199b"}
{"timestamp":"2023-09-03 13:37:20","level":"\u001b[31merror\u001b[39m","message":{},"uuid":"3c52c406-cfcb-4a99-8623-120214433ad4"}
{"timestamp":"2023-09-03 13:38:45","level":"\u001b[31merror\u001b[39m","message":{},"uuid":"cc8b9881-d6c5-4eaf-ab47-a2a487edd1d2"}
{"timestamp":"2023-09-03 13:39:22","level":"\u001b[31merror\u001b[39m","message":{"length":138,"name":"error","severity":"ERROR","code":"42703","position":"76","file":"parse_target.c","line":"1066","routine":"checkInsertTargets"},"uuid":"4250dcc6-8cda-4343-855c-28f3e834b742"}
{"timestamp":"2023-09-03 13:41:15","level":"\u001b[31merror\u001b[39m","message":{"length":154,"name":"error","severity":"ERROR","code":"08P01","file":"postgres.c","line":"1696","routine":"exec_bind_message"},"uuid":"3f4eb69b-d8cd-4257-b587-df3da8024bf2"}
{"timestamp":"2023-09-03 13:41:55","level":"\u001b[31merror\u001b[39m","message":{"length":154,"name":"error","severity":"ERROR","code":"08P01","file":"postgres.c","line":"1696","routine":"exec_bind_message"},"uuid":"c92af784-6f26-4c74-99a4-3e6d0150b918"}
{"timestamp":"2023-09-03 13:42:37","level":"\u001b[31merror\u001b[39m","message":{},"uuid":"ad00d488-58f7-40a4-a528-dd9f04d7dfdf"}
{"timestamp":"2023-09-03 13:43:39","level":"\u001b[31merror\u001b[39m","message":{"length":154,"name":"error","severity":"ERROR","code":"08P01","file":"postgres.c","line":"1696","routine":"exec_bind_message"},"uuid":"6792a87e-0539-4bc6-8ef3-3c1a84467169"}
{"timestamp":"2023-09-03 15:09:29","level":"\u001b[31merror\u001b[39m","message":{"name":"JsonWebTokenError","message":"invalid token"},"uuid":"f66de3ea-515e-4dcd-a0a2-650ec4f02a05"}
{"timestamp":"2023-09-03 15:10:28","level":"\u001b[31merror\u001b[39m","message":{"name":"JsonWebTokenError","message":"invalid token"},"uuid":"f51205bb-3e9b-4bb2-a934-d4c314dfbd63"}
{"timestamp":"2023-09-03 15:10:34","level":"\u001b[31merror\u001b[39m","message":{"name":"JsonWebTokenError","message":"invalid token"},"uuid":"a3ada117-3aa1-47d0-9f8c-b3a5480044e9"}
{"timestamp":"2023-09-03 15:10:56","level":"\u001b[31merror\u001b[39m","message":{"name":"JsonWebTokenError","message":"invalid token"},"uuid":"18bc3021-e2a8-4378-ac8b-732b608b7fe9"}
{"timestamp":"2023-09-03 15:11:01","level":"\u001b[31merror\u001b[39m","message":{"length":131,"name":"error","severity":"ERROR","code":"42601","position":"27","file":"scan.l","line":"1192","routine":"scanner_yyerror"},"uuid":"dbc1f833-63e2-45dc-a707-9cc9c59523bc"}
{"timestamp":"2023-09-03 15:12:05","level":"\u001b[31merror\u001b[39m","message":{"length":131,"name":"error","severity":"ERROR","code":"42601","position":"27","file":"scan.l","line":"1192","routine":"scanner_yyerror"},"uuid":"73344af5-4cdf-4a79-ad54-eb3e0dbf6d8e"}
{"timestamp":"2023-09-03 15:12:26","level":"\u001b[31merror\u001b[39m","message":{"length":131,"name":"error","severity":"ERROR","code":"42601","position":"27","file":"scan.l","line":"1192","routine":"scanner_yyerror"},"uuid":"cc623b9c-71e3-4f8a-8f65-6ba5d31557d5"}
{"timestamp":"2023-09-03 15:12:43","level":"\u001b[31merror\u001b[39m","message":{"length":131,"name":"error","severity":"ERROR","code":"42601","position":"27","file":"scan.l","line":"1192","routine":"scanner_yyerror"},"uuid":"60fdd29d-d3cc-48e2-8827-06c19a3fb5b3"}
{"timestamp":"2023-09-03 15:13:36","level":"\u001b[31merror\u001b[39m","message":{"length":131,"name":"error","severity":"ERROR","code":"42601","position":"27","file":"scan.l","line":"1192","routine":"scanner_yyerror"},"uuid":"96603576-c8dc-4fac-8d09-112e3c193f63"}
{"timestamp":"2023-09-03 15:48:17","level":"\u001b[31merror\u001b[39m","message":{"name":"TokenExpiredError","message":"jwt expired","expiredAt":"2023-09-03T20:47:36.000Z"},"uuid":"d9313811-9c11-4736-8a4e-63cbac291101"}
{"timestamp":"2023-09-03 15:48:17","level":"\u001b[31merror\u001b[39m","message":{"name":"TokenExpiredError","message":"jwt expired","expiredAt":"2023-09-03T20:47:36.000Z"},"uuid":"a4f16211-28cc-47fc-beec-b7ab27dcc870"}
{"timestamp":"2023-09-03 15:48:17","level":"\u001b[31merror\u001b[39m","message":{"name":"TokenExpiredError","message":"jwt expired","expiredAt":"2023-09-03T20:47:36.000Z"},"uuid":"5857c3d7-05f1-4430-9e35-3ec27d7e673e"}
{"timestamp":"2023-09-03 15:48:17","level":"\u001b[31merror\u001b[39m","message":{"name":"TokenExpiredError","message":"jwt expired","expiredAt":"2023-09-03T20:47:36.000Z"},"uuid":"3aad190b-2c27-4405-ba2d-663d3a853849"}
{"timestamp":"2023-09-03 15:48:17","level":"\u001b[31merror\u001b[39m","message":{"name":"TokenExpiredError","message":"jwt expired","expiredAt":"2023-09-03T20:47:36.000Z"},"uuid":"a3a773d3-9fa5-4fbe-a2b6-94049411c975"}
{"timestamp":"2023-09-03 15:48:17","level":"\u001b[31merror\u001b[39m","message":{"name":"TokenExpiredError","message":"jwt expired","expiredAt":"2023-09-03T20:47:36.000Z"},"uuid":"bb5ad766-ea00-4b57-b883-840640408f6b"}
{"timestamp":"2023-09-03 15:48:17","level":"\u001b[31merror\u001b[39m","message":{"name":"TokenExpiredError","message":"jwt expired","expiredAt":"2023-09-03T20:47:36.000Z"},"uuid":"4509ceec-8399-4e1b-b515-253d8c788406"}
{"timestamp":"2023-09-03 15:48:17","level":"\u001b[31merror\u001b[39m","message":{"name":"TokenExpiredError","message":"jwt expired","expiredAt":"2023-09-03T20:47:36.000Z"},"uuid":"0b80e5a2-6eff-4559-b7d6-d57ec25f1e85"}
{"timestamp":"2023-09-03 15:48:18","level":"\u001b[31merror\u001b[39m","message":{"name":"TokenExpiredError","message":"jwt expired","expiredAt":"2023-09-03T20:47:36.000Z"},"uuid":"62b67648-7be7-4eb2-9f18-5f4e27109340"}
{"timestamp":"2023-09-03 15:48:18","level":"\u001b[31merror\u001b[39m","message":{"name":"TokenExpiredError","message":"jwt expired","expiredAt":"2023-09-03T20:47:36.000Z"},"uuid":"7c743fb0-bd2f-46b0-bdda-78526b0b6756"}
{"timestamp":"2023-09-03 15:48:18","level":"\u001b[31merror\u001b[39m","message":{"name":"TokenExpiredError","message":"jwt expired","expiredAt":"2023-09-03T20:47:36.000Z"},"uuid":"003f01a8-59b9-4306-ae03-d5f5dfde1f59"}
{"timestamp":"2023-09-03 15:48:18","level":"\u001b[31merror\u001b[39m","message":{"name":"TokenExpiredError","message":"jwt expired","expiredAt":"2023-09-03T20:47:36.000Z"},"uuid":"747868e9-d789-4b7c-a076-009cf5dfe1d7"}
{"timestamp":"2023-09-03 15:54:22","level":"\u001b[31merror\u001b[39m","message":{"name":"TokenExpiredError","message":"jwt expired","expiredAt":"2023-09-03T20:53:42.000Z"},"uuid":"c3d68a2c-fa13-4d9a-a84d-b795843765b1"}
{"timestamp":"2023-09-03 15:54:23","level":"\u001b[31merror\u001b[39m","message":{"name":"TokenExpiredError","message":"jwt expired","expiredAt":"2023-09-03T20:53:42.000Z"},"uuid":"5942914a-aa50-43d6-b2fa-ea7e732d6a6a"}
{"timestamp":"2023-09-03 15:54:23","level":"\u001b[31merror\u001b[39m","message":{"name":"TokenExpiredError","message":"jwt expired","expiredAt":"2023-09-03T20:53:42.000Z"},"uuid":"62b44378-badc-45a7-be24-0da2878c36f1"}
{"timestamp":"2023-09-03 15:54:23","level":"\u001b[31merror\u001b[39m","message":{"name":"TokenExpiredError","message":"jwt expired","expiredAt":"2023-09-03T20:53:42.000Z"},"uuid":"3aace0f0-83ab-4993-888b-9cb8143763c7"}
{"timestamp":"2023-09-03 15:54:23","level":"\u001b[31merror\u001b[39m","message":{"name":"TokenExpiredError","message":"jwt expired","expiredAt":"2023-09-03T20:53:42.000Z"},"uuid":"e022ee87-a90e-4a47-b6ba-4f2ed0d93e58"}
{"timestamp":"2023-09-03 15:54:23","level":"\u001b[31merror\u001b[39m","message":{"name":"TokenExpiredError","message":"jwt expired","expiredAt":"2023-09-03T20:53:42.000Z"},"uuid":"949097b2-2339-4acf-aeb8-93b2e00c863c"}
{"timestamp":"2023-09-03 15:54:23","level":"\u001b[31merror\u001b[39m","message":{"name":"TokenExpiredError","message":"jwt expired","expiredAt":"2023-09-03T20:53:42.000Z"},"uuid":"d58f3e16-9e5c-41e0-b5f0-7fde88efd732"}
{"timestamp":"2023-09-03 15:54:23","level":"\u001b[31merror\u001b[39m","message":{"name":"TokenExpiredError","message":"jwt expired","expiredAt":"2023-09-03T20:53:42.000Z"},"uuid":"6571d622-ffc0-4f0a-9ab9-d4e4aaf90c7b"}
{"timestamp":"2023-09-03 15:54:23","level":"\u001b[31merror\u001b[39m","message":{"name":"TokenExpiredError","message":"jwt expired","expiredAt":"2023-09-03T20:53:42.000Z"},"uuid":"a0f1d17a-d840-400e-9714-e9a5075a44d6"}
{"timestamp":"2023-09-03 15:54:23","level":"\u001b[31merror\u001b[39m","message":{"name":"TokenExpiredError","message":"jwt expired","expiredAt":"2023-09-03T20:53:42.000Z"},"uuid":"87ac356a-67c0-47b9-8468-ab85b6ab02ea"}
{"timestamp":"2023-09-03 15:54:23","level":"\u001b[31merror\u001b[39m","message":{"name":"TokenExpiredError","message":"jwt expired","expiredAt":"2023-09-03T20:53:42.000Z"},"uuid":"2824c798-bcc4-4838-9576-93c17d8961cf"}
{"timestamp":"2023-09-03 15:54:23","level":"\u001b[31merror\u001b[39m","message":{"name":"TokenExpiredError","message":"jwt expired","expiredAt":"2023-09-03T20:53:42.000Z"},"uuid":"83adc81d-ae02-4ae0-9ae4-ef7bb3423961"}
{"timestamp":"2023-09-03 16:45:52","level":"\u001b[31merror\u001b[39m","message":{"name":"JsonWebTokenError","message":"jwt must be provided"},"uuid":"42b56c12-e2ad-4338-a974-df2af26ec3bb"}
{"timestamp":"2023-09-03 16:45:52","level":"\u001b[31merror\u001b[39m","message":{"name":"JsonWebTokenError","message":"jwt must be provided"},"uuid":"d9914152-cc94-46a6-8304-1d9907947c0b"}
{"timestamp":"2023-09-03 16:45:52","level":"\u001b[31merror\u001b[39m","message":{"name":"JsonWebTokenError","message":"jwt must be provided"},"uuid":"a795dbae-8535-4859-84ab-d4ae2cf72b8f"}
{"timestamp":"2023-09-03 16:45:52","level":"\u001b[31merror\u001b[39m","message":{"name":"JsonWebTokenError","message":"jwt must be provided"},"uuid":"8c770ae7-19af-4940-b455-1e94ad30d9b9"}
{"timestamp":"2023-09-03 16:46:24","level":"\u001b[31merror\u001b[39m","message":{"name":"JsonWebTokenError","message":"jwt must be provided"},"uuid":"bc7bb937-5cef-41ea-ac3f-e19500018a32"}
{"timestamp":"2023-09-03 16:46:24","level":"\u001b[31merror\u001b[39m","message":{"name":"JsonWebTokenError","message":"jwt must be provided"},"uuid":"e6201600-8038-4938-8d5e-e1e8d4aa1093"}
{"timestamp":"2023-09-03 16:46:24","level":"\u001b[31merror\u001b[39m","message":{"name":"JsonWebTokenError","message":"jwt must be provided"},"uuid":"fd7c9bb7-0d98-4bc7-b7b3-643ba50f384f"}
{"timestamp":"2023-09-03 16:46:24","level":"\u001b[31merror\u001b[39m","message":{"name":"JsonWebTokenError","message":"jwt must be provided"},"uuid":"2af38205-0fdc-44f5-a5e3-9272144d8822"}
{"timestamp":"2023-09-03 16:46:57","level":"\u001b[31merror\u001b[39m","message":{"name":"JsonWebTokenError","message":"jwt must be provided"},"uuid":"45ab62c9-fa26-403d-9ebf-2bc9b8d21307"}
{"timestamp":"2023-09-03 16:46:57","level":"\u001b[31merror\u001b[39m","message":{"name":"JsonWebTokenError","message":"jwt must be provided"},"uuid":"0230a2e5-4067-480c-ab92-0ffe053e1d67"}
{"timestamp":"2023-09-03 16:46:57","level":"\u001b[31merror\u001b[39m","message":{"name":"JsonWebTokenError","message":"jwt must be provided"},"uuid":"f1c2fdb2-d245-43eb-ad51-22aa648bfcf5"}
{"timestamp":"2023-09-03 16:46:57","level":"\u001b[31merror\u001b[39m","message":{"name":"JsonWebTokenError","message":"jwt must be provided"},"uuid":"ce726488-cbd0-417e-a0e9-8a357ba03df7"}
{"timestamp":"2023-09-03 16:48:16","level":"\u001b[31merror\u001b[39m","message":{"name":"JsonWebTokenError","message":"jwt must be provided"},"uuid":"3e303f1f-8c8d-4dd8-8ed6-f0f3694ccfb2"}
{"timestamp":"2023-09-03 16:48:16","level":"\u001b[31merror\u001b[39m","message":{"name":"JsonWebTokenError","message":"jwt must be provided"},"uuid":"0781e883-6011-4c84-905f-1a40982541c3"}
{"timestamp":"2023-09-03 16:48:16","level":"\u001b[31merror\u001b[39m","message":{"name":"JsonWebTokenError","message":"jwt must be provided"},"uuid":"27547b65-7fd4-4b2f-9ea8-9ff10e35b459"}
{"timestamp":"2023-09-03 16:48:16","level":"\u001b[31merror\u001b[39m","message":{"name":"JsonWebTokenError","message":"jwt must be provided"},"uuid":"2d52d6c1-490e-4e4c-a4d3-697ab721861c"}
{"timestamp":"2023-09-03 17:11:57","level":"\u001b[31merror\u001b[39m","message":{"name":"JsonWebTokenError","message":"invalid token"},"uuid":"caaa92ed-2900-4b75-bf19-4dd34c19f742"}
{"timestamp":"2023-09-03 17:11:57","level":"\u001b[31merror\u001b[39m","message":{"name":"JsonWebTokenError","message":"invalid token"},"uuid":"7bd3e948-262b-42ad-9736-8e617f14e3bd"}
{"timestamp":"2023-09-03 17:11:57","level":"\u001b[31merror\u001b[39m","message":{"name":"JsonWebTokenError","message":"invalid token"},"uuid":"bed7dde5-0761-4b30-a9dc-ec0f8efcf5fe"}
{"timestamp":"2023-09-03 17:11:57","level":"\u001b[31merror\u001b[39m","message":{"name":"JsonWebTokenError","message":"invalid token"},"uuid":"5d42fe32-3a62-419e-8afb-ba13c4244316"}
{"timestamp":"2023-09-03 17:11:57","level":"\u001b[31merror\u001b[39m","message":{"name":"JsonWebTokenError","message":"invalid token"},"uuid":"2f2a0f59-d348-4da0-b953-b284f467e9f5"}
{"timestamp":"2023-09-03 17:11:57","level":"\u001b[31merror\u001b[39m","message":{"name":"JsonWebTokenError","message":"invalid token"},"uuid":"cc9f24ec-e84e-4bb7-92b9-0cd8c1aa799d"}
{"timestamp":"2023-09-03 17:12:48","level":"\u001b[31merror\u001b[39m","message":{"name":"JsonWebTokenError","message":"invalid token"},"uuid":"4deade4b-6d16-408d-a171-df997a41312f"}
{"timestamp":"2023-09-03 17:12:48","level":"\u001b[31merror\u001b[39m","message":{"name":"JsonWebTokenError","message":"invalid token"},"uuid":"670429f2-64a1-43fa-bedd-3a5c6abc3863"}
{"timestamp":"2023-09-03 17:12:48","level":"\u001b[31merror\u001b[39m","message":{"name":"JsonWebTokenError","message":"invalid token"},"uuid":"164df73d-18ff-498e-9b30-3ca6cb1c46ba"}
{"timestamp":"2023-09-03 17:12:48","level":"\u001b[31merror\u001b[39m","message":{"name":"JsonWebTokenError","message":"invalid token"},"uuid":"9f752c18-9cf5-4762-80c0-364a552de8ee"}
{"timestamp":"2023-09-03 17:12:48","level":"\u001b[31merror\u001b[39m","message":{"name":"JsonWebTokenError","message":"invalid token"},"uuid":"e1022e77-b925-4b2d-8865-00f2b453e575"}
{"timestamp":"2023-09-03 17:12:48","level":"\u001b[31merror\u001b[39m","message":{"name":"JsonWebTokenError","message":"invalid token"},"uuid":"12290a37-3e97-44a5-94e0-33a5bbb608c3"}
{"timestamp":"2023-09-03 17:13:52","level":"\u001b[31merror\u001b[39m","message":{"name":"JsonWebTokenError","message":"invalid token"},"uuid":"fa7e64c2-cbd1-4818-a396-5a0981929120"}
{"timestamp":"2023-09-03 17:13:52","level":"\u001b[31merror\u001b[39m","message":{"name":"JsonWebTokenError","message":"invalid token"},"uuid":"ac43d5ca-ab80-41a4-8b65-94bb7a622276"}
{"timestamp":"2023-09-03 17:13:52","level":"\u001b[31merror\u001b[39m","message":{"name":"JsonWebTokenError","message":"invalid token"},"uuid":"55cf33e1-400e-4359-a0eb-4b9592474111"}
{"timestamp":"2023-09-03 17:13:52","level":"\u001b[31merror\u001b[39m","message":{"name":"JsonWebTokenError","message":"invalid token"},"uuid":"9ecab9f5-3efa-4085-90f4-4d46ad5904f3"}
{"timestamp":"2023-09-03 17:13:52","level":"\u001b[31merror\u001b[39m","message":{"name":"JsonWebTokenError","message":"invalid token"},"uuid":"56e4ea95-8f2b-44d7-974b-37fbec79e0e2"}
{"timestamp":"2023-09-03 17:13:52","level":"\u001b[31merror\u001b[39m","message":{"name":"JsonWebTokenError","message":"invalid token"},"uuid":"8308790a-d691-4c2d-916e-b4615f8d7686"}
{"timestamp":"2023-09-03 17:14:28","level":"\u001b[31merror\u001b[39m","message":{"name":"JsonWebTokenError","message":"invalid token"},"uuid":"ae4d6a7d-e549-4728-9e6a-b09b75d3ae14"}
{"timestamp":"2023-09-03 17:14:28","level":"\u001b[31merror\u001b[39m","message":{"name":"JsonWebTokenError","message":"invalid token"},"uuid":"41b7fe47-c5cb-455c-9ef9-83f4589570c2"}
{"timestamp":"2023-09-03 17:14:28","level":"\u001b[31merror\u001b[39m","message":{"name":"JsonWebTokenError","message":"invalid token"},"uuid":"e63339e2-a559-4454-a8e3-496905093564"}
{"timestamp":"2023-09-03 17:14:28","level":"\u001b[31merror\u001b[39m","message":{"name":"JsonWebTokenError","message":"invalid token"},"uuid":"d2043e5b-8c5d-45fb-ab74-98775e8949c9"}
{"timestamp":"2023-09-03 17:14:28","level":"\u001b[31merror\u001b[39m","message":{"name":"JsonWebTokenError","message":"invalid token"},"uuid":"45294f08-479d-49ed-b309-cbb13b6b559f"}
{"timestamp":"2023-09-03 17:14:28","level":"\u001b[31merror\u001b[39m","message":{"name":"JsonWebTokenError","message":"invalid token"},"uuid":"988cd619-5a0c-49e6-9dd5-e3cc63ce3a54"}
{"timestamp":"2023-09-04 20:38:10","level":"\u001b[31merror\u001b[39m","message":{"length":152,"name":"error","severity":"ERROR","code":"22P02","where":"portal sin nombre, parámetro 1 = ''","file":"uuid.c","line":"136","routine":"string_to_uuid"},"uuid":"955d41b6-0222-48d2-9319-4799cd1c988b"}
{"timestamp":"2023-09-06 20:20:58","level":"\u001b[31merror\u001b[39m","message":{"length":330,"name":"error","severity":"ERROR","code":"23503","detail":"La llave (idmodule)=(2cb2a70d-21ef-4b1e-812b-6c6e7d130292) todavía es referida desde la tabla «permisions».","schema":"invensys","table":"permisions","constraint":"fk_module_permisions","file":"ri_triggers.c","line":"2621","routine":"ri_ReportViolation"},"uuid":"8d970d05-da1c-44e1-aedd-fa67d178b1f6"}
{"timestamp":"2023-09-06 20:21:29","level":"\u001b[31merror\u001b[39m","message":{"length":330,"name":"error","severity":"ERROR","code":"23503","detail":"La llave (idmodule)=(63ae8798-35d3-445e-b64b-925b3278d69b) todavía es referida desde la tabla «permisions».","schema":"invensys","table":"permisions","constraint":"fk_module_permisions","file":"ri_triggers.c","line":"2621","routine":"ri_ReportViolation"},"uuid":"7a133083-9921-4bbe-bae4-da2aa3958e02"}
{"timestamp":"2023-09-06 20:21:38","level":"\u001b[31merror\u001b[39m","message":{"length":152,"name":"error","severity":"ERROR","code":"22P02","where":"portal sin nombre, parámetro 1 = ''","file":"uuid.c","line":"136","routine":"string_to_uuid"},"uuid":"253b9627-8a0c-4c2b-a45a-13a020507ac6"}
